c:\users\ross\documents\visual studio 2013\projects\cw3\cw3\debug\vc120.pdb
c:\users\ross\documents\visual studio 2013\projects\cw3\cw3\debug\vc120.idb
c:\users\ross\documents\visual studio 2013\projects\cw3\cw3\debug\ccolours.obj
c:\users\ross\documents\visual studio 2013\projects\cw3\cw3\debug\ccube.obj
c:\users\ross\documents\visual studio 2013\projects\cw3\cw3\debug\cfont.obj
c:\users\ross\documents\visual studio 2013\projects\cw3\cw3\debug\cfontmgr.obj
c:\users\ross\documents\visual studio 2013\projects\cw3\cw3\debug\cinputmgr.obj
c:\users\ross\documents\visual studio 2013\projects\cw3\cw3\debug\clight.obj
c:\users\ross\documents\visual studio 2013\projects\cw3\cw3\debug\cmaterial.obj
c:\users\ross\documents\visual studio 2013\projects\cw3\cw3\debug\cmodel.obj
c:\users\ross\documents\visual studio 2013\projects\cw3\cw3\debug\cmodelloader.obj
c:\users\ross\documents\visual studio 2013\projects\cw3\cw3\debug\cplayer.obj
c:\users\ross\documents\visual studio 2013\projects\cw3\cw3\debug\cpyramid.obj
c:\users\ross\documents\visual studio 2013\projects\cw3\cw3\debug\cshapes.obj
c:\users\ross\documents\visual studio 2013\projects\cw3\cw3\debug\csphere.obj
c:\users\ross\documents\visual studio 2013\projects\cw3\cw3\debug\cstarfield.obj
c:\users\ross\documents\visual studio 2013\projects\cw3\cw3\debug\ctexture.obj
c:\users\ross\documents\visual studio 2013\projects\cw3\cw3\debug\ctriangle.obj
c:\users\ross\documents\visual studio 2013\projects\cw3\cw3\debug\cwndmanager.obj
c:\users\ross\documents\visual studio 2013\projects\cw3\cw3\debug\gameconstants.obj
c:\users\ross\documents\visual studio 2013\projects\cw3\cw3\debug\studentmain.obj
c:\users\ross\documents\visual studio 2013\projects\cw3\cw3\debug\windowogl.obj
c:\users\ross\documents\visual studio 2013\projects\cw3\cw3\debug\ccamera.obj
c:\users\ross\documents\visual studio 2013\projects\cw3\cw3\debug\cenemy.obj
c:\users\ross\documents\visual studio 2013\projects\cw3\cw3\debug\ctappergame.obj
c:\users\ross\documents\visual studio 2013\projects\cw3\cw3\debug\csound.obj
c:\users\ross\documents\visual studio 2013\projects\cw3\cw3\debug\csoundmgr.obj
c:\users\ross\documents\visual studio 2013\projects\cw3\debug\cw3.ilk
c:\users\ross\documents\visual studio 2013\projects\cw3\debug\cw3.exe
c:\users\ross\documents\visual studio 2013\projects\cw3\debug\cw3.pdb
c:\users\ross\documents\visual studio 2013\projects\cw3\cw3\debug\cw3.tlog\cl.command.1.tlog
c:\users\ross\documents\visual studio 2013\projects\cw3\cw3\debug\cw3.tlog\cl.read.1.tlog
c:\users\ross\documents\visual studio 2013\projects\cw3\cw3\debug\cw3.tlog\cl.write.1.tlog
c:\users\ross\documents\visual studio 2013\projects\cw3\cw3\debug\cw3.tlog\link.command.1.tlog
c:\users\ross\documents\visual studio 2013\projects\cw3\cw3\debug\cw3.tlog\link.read.1.tlog
c:\users\ross\documents\visual studio 2013\projects\cw3\cw3\debug\cw3.tlog\link.write.1.tlog
